mode: set
github.com/kennyp/palette/color/color.go:35.32,37.2 1 1
github.com/kennyp/palette/color/color.go:40.43,46.2 1 1
github.com/kennyp/palette/color/color.go:48.30,50.2 1 1
github.com/kennyp/palette/color/color.go:52.34,54.2 1 1
github.com/kennyp/palette/color/color.go:56.26,58.2 1 1
github.com/kennyp/palette/color/color.go:60.28,66.14 5 1
github.com/kennyp/palette/color/color.go:66.14,68.3 1 1
github.com/kennyp/palette/color/color.go:70.2,79.3 4 1
github.com/kennyp/palette/color/color.go:82.26,89.17 4 1
github.com/kennyp/palette/color/color.go:89.17,91.3 1 1
github.com/kennyp/palette/color/color.go:91.8,93.3 1 0
github.com/kennyp/palette/color/color.go:95.2,95.17 1 1
github.com/kennyp/palette/color/color.go:95.17,97.3 1 1
github.com/kennyp/palette/color/color.go:97.8,99.3 1 0
github.com/kennyp/palette/color/color.go:101.2,101.17 1 1
github.com/kennyp/palette/color/color.go:101.17,103.3 1 1
github.com/kennyp/palette/color/color.go:103.8,105.3 1 0
github.com/kennyp/palette/color/color.go:108.2,134.3 16 1
github.com/kennyp/palette/color/color.go:137.26,149.16 9 1
github.com/kennyp/palette/color/color.go:149.16,152.3 2 1
github.com/kennyp/palette/color/color.go:152.8,155.14 2 1
github.com/kennyp/palette/color/color.go:156.10,157.39 1 1
github.com/kennyp/palette/color/color.go:158.10,159.30 1 1
github.com/kennyp/palette/color/color.go:160.10,161.30 1 1
github.com/kennyp/palette/color/color.go:164.3,164.12 1 1
github.com/kennyp/palette/color/color.go:164.12,166.4 1 1
github.com/kennyp/palette/color/color.go:169.2,173.3 1 1
github.com/kennyp/palette/color/color.go:182.37,189.2 1 1
github.com/kennyp/palette/color/color.go:191.31,193.2 1 1
github.com/kennyp/palette/color/color.go:195.35,197.2 1 1
github.com/kennyp/palette/color/color.go:199.27,214.2 8 1
github.com/kennyp/palette/color/color.go:216.29,218.2 1 1
github.com/kennyp/palette/color/color.go:220.27,222.2 1 0
github.com/kennyp/palette/color/color.go:224.27,226.2 1 0
github.com/kennyp/palette/color/color.go:235.31,241.2 1 1
github.com/kennyp/palette/color/color.go:243.30,245.2 1 1
github.com/kennyp/palette/color/color.go:247.34,249.2 1 1
github.com/kennyp/palette/color/color.go:251.26,280.19 19 1
github.com/kennyp/palette/color/color.go:280.19,282.3 1 1
github.com/kennyp/palette/color/color.go:282.8,284.3 1 0
github.com/kennyp/palette/color/color.go:286.2,286.19 1 1
github.com/kennyp/palette/color/color.go:286.19,288.3 1 1
github.com/kennyp/palette/color/color.go:288.8,290.3 1 0
github.com/kennyp/palette/color/color.go:292.2,292.20 1 1
github.com/kennyp/palette/color/color.go:292.20,294.3 1 1
github.com/kennyp/palette/color/color.go:294.8,296.3 1 0
github.com/kennyp/palette/color/color.go:298.2,302.3 1 1
github.com/kennyp/palette/color/color.go:305.28,307.2 1 0
github.com/kennyp/palette/color/color.go:309.26,311.2 1 1
github.com/kennyp/palette/color/color.go:313.26,315.2 1 0
github.com/kennyp/palette/color/color.go:325.39,331.2 1 1
github.com/kennyp/palette/color/color.go:333.30,335.2 1 1
github.com/kennyp/palette/color/color.go:337.34,339.2 1 1
github.com/kennyp/palette/color/color.go:341.26,352.9 8 1
github.com/kennyp/palette/color/color.go:353.14,354.25 1 1
github.com/kennyp/palette/color/color.go:355.15,356.25 1 1
github.com/kennyp/palette/color/color.go:357.15,358.25 1 1
github.com/kennyp/palette/color/color.go:359.15,360.25 1 1
github.com/kennyp/palette/color/color.go:361.15,362.25 1 1
github.com/kennyp/palette/color/color.go:363.10,364.25 1 1
github.com/kennyp/palette/color/color.go:367.2,371.3 1 1
github.com/kennyp/palette/color/color.go:374.28,376.2 1 0
github.com/kennyp/palette/color/color.go:378.26,380.2 1 0
github.com/kennyp/palette/color/color.go:382.26,384.2 1 1
github.com/kennyp/palette/color/color.go:388.45,389.17 1 1
github.com/kennyp/palette/color/color.go:389.17,391.3 1 1
github.com/kennyp/palette/color/color.go:392.2,392.17 1 1
github.com/kennyp/palette/color/color.go:392.17,394.3 1 1
github.com/kennyp/palette/color/color.go:395.2,395.14 1 1
github.com/kennyp/palette/color/color.go:398.46,399.17 1 1
github.com/kennyp/palette/color/color.go:399.17,401.3 1 0
github.com/kennyp/palette/color/color.go:402.2,402.17 1 1
github.com/kennyp/palette/color/color.go:402.17,404.3 1 1
github.com/kennyp/palette/color/color.go:405.2,405.14 1 1
github.com/kennyp/palette/color/color.go:408.43,409.17 1 1
github.com/kennyp/palette/color/color.go:409.17,411.3 1 0
github.com/kennyp/palette/color/color.go:412.2,412.17 1 1
github.com/kennyp/palette/color/color.go:412.17,414.3 1 0
github.com/kennyp/palette/color/color.go:415.2,415.14 1 1
github.com/kennyp/palette/color/color.go:418.30,419.18 1 1
github.com/kennyp/palette/color/color.go:419.18,421.3 1 1
github.com/kennyp/palette/color/color.go:422.2,422.29 1 0
github.com/kennyp/palette/color/color.go:425.33,426.18 1 1
github.com/kennyp/palette/color/color.go:426.18,428.3 1 1
github.com/kennyp/palette/color/color.go:429.2,429.33 1 0
