mode: set
github.com/kennyp/palette/io/csv/csv.go:45.30,51.2 1 1
github.com/kennyp/palette/io/csv/csv.go:54.66,59.16 4 1
github.com/kennyp/palette/io/csv/csv.go:59.16,61.3 1 0
github.com/kennyp/palette/io/csv/csv.go:63.2,63.23 1 1
github.com/kennyp/palette/io/csv/csv.go:63.23,65.3 1 1
github.com/kennyp/palette/io/csv/csv.go:68.2,69.17 2 1
github.com/kennyp/palette/io/csv/csv.go:69.17,71.3 1 1
github.com/kennyp/palette/io/csv/csv.go:73.2,73.30 1 1
github.com/kennyp/palette/io/csv/csv.go:73.30,75.3 1 1
github.com/kennyp/palette/io/csv/csv.go:78.2,79.26 2 1
github.com/kennyp/palette/io/csv/csv.go:79.26,81.3 1 1
github.com/kennyp/palette/io/csv/csv.go:84.2,89.64 4 1
github.com/kennyp/palette/io/csv/csv.go:89.64,91.23 2 1
github.com/kennyp/palette/io/csv/csv.go:91.23,92.12 1 0
github.com/kennyp/palette/io/csv/csv.go:95.3,96.17 2 1
github.com/kennyp/palette/io/csv/csv.go:96.17,98.4 1 0
github.com/kennyp/palette/io/csv/csv.go:100.3,100.22 1 1
github.com/kennyp/palette/io/csv/csv.go:103.2,103.15 1 1
github.com/kennyp/palette/io/csv/csv.go:107.50,109.2 1 1
github.com/kennyp/palette/io/csv/csv.go:112.48,114.2 1 1
github.com/kennyp/palette/io/csv/csv.go:117.62,118.22 1 1
github.com/kennyp/palette/io/csv/csv.go:118.22,120.3 1 0
github.com/kennyp/palette/io/csv/csv.go:123.2,123.22 1 1
github.com/kennyp/palette/io/csv/csv.go:123.22,125.69 1 1
github.com/kennyp/palette/io/csv/csv.go:125.69,127.4 1 1
github.com/kennyp/palette/io/csv/csv.go:131.2,132.31 2 1
github.com/kennyp/palette/io/csv/csv.go:132.31,133.77 1 1
github.com/kennyp/palette/io/csv/csv.go:133.77,135.4 1 1
github.com/kennyp/palette/io/csv/csv.go:139.2,139.21 1 1
github.com/kennyp/palette/io/csv/csv.go:140.9,141.19 1 1
github.com/kennyp/palette/io/csv/csv.go:142.9,143.20 1 1
github.com/kennyp/palette/io/csv/csv.go:144.10,145.19 1 0
github.com/kennyp/palette/io/csv/csv.go:150.95,151.22 1 1
github.com/kennyp/palette/io/csv/csv.go:151.22,153.3 1 0
github.com/kennyp/palette/io/csv/csv.go:156.2,160.80 3 1
github.com/kennyp/palette/io/csv/csv.go:160.80,163.3 2 1
github.com/kennyp/palette/io/csv/csv.go:163.8,163.28 1 0
github.com/kennyp/palette/io/csv/csv.go:163.28,165.93 1 0
github.com/kennyp/palette/io/csv/csv.go:165.93,168.4 2 0
github.com/kennyp/palette/io/csv/csv.go:172.2,173.16 2 1
github.com/kennyp/palette/io/csv/csv.go:173.16,175.3 1 0
github.com/kennyp/palette/io/csv/csv.go:177.2,177.21 1 1
github.com/kennyp/palette/io/csv/csv.go:177.21,179.3 1 0
github.com/kennyp/palette/io/csv/csv.go:181.2,181.26 1 1
github.com/kennyp/palette/io/csv/csv.go:185.89,186.16 1 1
github.com/kennyp/palette/io/csv/csv.go:187.17,188.33 1 1
github.com/kennyp/palette/io/csv/csv.go:189.17,190.40 1 1
github.com/kennyp/palette/io/csv/csv.go:191.22,192.39 1 1
github.com/kennyp/palette/io/csv/csv.go:193.18,194.34 1 1
github.com/kennyp/palette/io/csv/csv.go:195.17,196.33 1 1
github.com/kennyp/palette/io/csv/csv.go:197.17,198.33 1 1
github.com/kennyp/palette/io/csv/csv.go:199.10,200.65 1 0
github.com/kennyp/palette/io/csv/csv.go:205.72,206.22 1 1
github.com/kennyp/palette/io/csv/csv.go:206.22,208.3 1 0
github.com/kennyp/palette/io/csv/csv.go:211.2,212.31 2 1
github.com/kennyp/palette/io/csv/csv.go:212.31,214.36 2 1
github.com/kennyp/palette/io/csv/csv.go:214.36,216.9 2 1
github.com/kennyp/palette/io/csv/csv.go:220.2,220.18 1 1
github.com/kennyp/palette/io/csv/csv.go:220.18,222.3 1 0
github.com/kennyp/palette/io/csv/csv.go:225.2,227.22 2 1
github.com/kennyp/palette/io/csv/csv.go:227.22,229.3 1 0
github.com/kennyp/palette/io/csv/csv.go:232.2,233.16 2 1
github.com/kennyp/palette/io/csv/csv.go:233.16,235.3 1 0
github.com/kennyp/palette/io/csv/csv.go:237.2,238.16 2 1
github.com/kennyp/palette/io/csv/csv.go:238.16,240.3 1 0
github.com/kennyp/palette/io/csv/csv.go:242.2,243.16 2 1
github.com/kennyp/palette/io/csv/csv.go:243.16,245.3 1 0
github.com/kennyp/palette/io/csv/csv.go:247.2,247.56 1 1
github.com/kennyp/palette/io/csv/csv.go:251.86,252.21 1 1
github.com/kennyp/palette/io/csv/csv.go:252.21,254.3 1 0
github.com/kennyp/palette/io/csv/csv.go:256.2,256.13 1 1
github.com/kennyp/palette/io/csv/csv.go:256.13,259.17 2 1
github.com/kennyp/palette/io/csv/csv.go:259.17,261.4 1 0
github.com/kennyp/palette/io/csv/csv.go:263.3,264.17 2 1
github.com/kennyp/palette/io/csv/csv.go:264.17,266.4 1 0
github.com/kennyp/palette/io/csv/csv.go:268.3,269.17 2 1
github.com/kennyp/palette/io/csv/csv.go:269.17,271.4 1 0
github.com/kennyp/palette/io/csv/csv.go:273.3,273.45 1 1
github.com/kennyp/palette/io/csv/csv.go:274.8,277.17 2 1
github.com/kennyp/palette/io/csv/csv.go:277.17,279.4 1 0
github.com/kennyp/palette/io/csv/csv.go:281.3,282.17 2 1
github.com/kennyp/palette/io/csv/csv.go:282.17,284.4 1 0
github.com/kennyp/palette/io/csv/csv.go:286.3,287.17 2 1
github.com/kennyp/palette/io/csv/csv.go:287.17,289.4 1 0
github.com/kennyp/palette/io/csv/csv.go:291.3,291.57 1 1
github.com/kennyp/palette/io/csv/csv.go:296.73,297.21 1 1
github.com/kennyp/palette/io/csv/csv.go:297.21,299.3 1 0
github.com/kennyp/palette/io/csv/csv.go:301.2,302.16 2 1
github.com/kennyp/palette/io/csv/csv.go:302.16,304.3 1 0
github.com/kennyp/palette/io/csv/csv.go:306.2,307.16 2 1
github.com/kennyp/palette/io/csv/csv.go:307.16,309.3 1 0
github.com/kennyp/palette/io/csv/csv.go:311.2,312.16 2 1
github.com/kennyp/palette/io/csv/csv.go:312.16,314.3 1 0
github.com/kennyp/palette/io/csv/csv.go:316.2,317.16 2 1
github.com/kennyp/palette/io/csv/csv.go:317.16,319.3 1 0
github.com/kennyp/palette/io/csv/csv.go:321.2,321.67 1 1
github.com/kennyp/palette/io/csv/csv.go:325.72,326.21 1 1
github.com/kennyp/palette/io/csv/csv.go:326.21,328.3 1 0
github.com/kennyp/palette/io/csv/csv.go:330.2,331.16 2 1
github.com/kennyp/palette/io/csv/csv.go:331.16,333.3 1 0
github.com/kennyp/palette/io/csv/csv.go:335.2,336.16 2 1
github.com/kennyp/palette/io/csv/csv.go:336.16,338.3 1 0
github.com/kennyp/palette/io/csv/csv.go:340.2,341.16 2 1
github.com/kennyp/palette/io/csv/csv.go:341.16,343.3 1 0
github.com/kennyp/palette/io/csv/csv.go:345.2,345.57 1 1
github.com/kennyp/palette/io/csv/csv.go:349.72,350.21 1 1
github.com/kennyp/palette/io/csv/csv.go:350.21,352.3 1 0
github.com/kennyp/palette/io/csv/csv.go:354.2,355.16 2 1
github.com/kennyp/palette/io/csv/csv.go:355.16,357.3 1 0
github.com/kennyp/palette/io/csv/csv.go:359.2,360.16 2 1
github.com/kennyp/palette/io/csv/csv.go:360.16,362.3 1 0
github.com/kennyp/palette/io/csv/csv.go:364.2,365.16 2 1
github.com/kennyp/palette/io/csv/csv.go:365.16,367.3 1 0
github.com/kennyp/palette/io/csv/csv.go:369.2,369.53 1 1
github.com/kennyp/palette/io/csv/csv.go:383.30,389.2 1 1
github.com/kennyp/palette/io/csv/csv.go:392.66,398.21 4 1
github.com/kennyp/palette/io/csv/csv.go:398.21,400.49 2 1
github.com/kennyp/palette/io/csv/csv.go:400.49,402.4 1 0
github.com/kennyp/palette/io/csv/csv.go:406.2,406.25 1 1
github.com/kennyp/palette/io/csv/csv.go:406.25,408.17 2 1
github.com/kennyp/palette/io/csv/csv.go:408.17,410.4 1 0
github.com/kennyp/palette/io/csv/csv.go:412.3,413.49 2 1
github.com/kennyp/palette/io/csv/csv.go:413.49,415.4 1 0
github.com/kennyp/palette/io/csv/csv.go:418.2,418.12 1 1
github.com/kennyp/palette/io/csv/csv.go:422.50,424.2 1 1
github.com/kennyp/palette/io/csv/csv.go:427.48,429.2 1 1
github.com/kennyp/palette/io/csv/csv.go:432.41,433.23 1 1
github.com/kennyp/palette/io/csv/csv.go:434.17,435.33 1 1
github.com/kennyp/palette/io/csv/csv.go:436.33,437.41 1 1
github.com/kennyp/palette/io/csv/csv.go:438.18,439.46 1 1
github.com/kennyp/palette/io/csv/csv.go:440.17,441.41 1 0
github.com/kennyp/palette/io/csv/csv.go:442.17,443.41 1 0
github.com/kennyp/palette/io/csv/csv.go:444.10,445.41 1 0
github.com/kennyp/palette/io/csv/csv.go:450.72,452.16 2 1
github.com/kennyp/palette/io/csv/csv.go:452.16,454.3 1 0
github.com/kennyp/palette/io/csv/csv.go:456.2,456.23 1 1
github.com/kennyp/palette/io/csv/csv.go:457.17,460.29 3 1
github.com/kennyp/palette/io/csv/csv.go:462.17,464.102 2 1
github.com/kennyp/palette/io/csv/csv.go:466.22,473.4 2 1
github.com/kennyp/palette/io/csv/csv.go:475.18,477.132 2 1
github.com/kennyp/palette/io/csv/csv.go:479.17,481.102 2 0
github.com/kennyp/palette/io/csv/csv.go:483.17,485.102 2 0
github.com/kennyp/palette/io/csv/csv.go:487.10,489.102 2 0
