mode: set
github.com/kennyp/palette/init.go:11.13,29.2 8 1
github.com/kennyp/palette/adobe/colorbook/bookid_string.go:39.33,40.9 1 1
github.com/kennyp/palette/adobe/colorbook/bookid_string.go:41.30,43.65 2 1
github.com/kennyp/palette/adobe/colorbook/bookid_string.go:44.30,46.65 2 1
github.com/kennyp/palette/adobe/colorbook/bookid_string.go:47.10,48.59 1 0
github.com/kennyp/palette/adobe/colorbook/colorbook.go:74.53,76.2 1 0
github.com/kennyp/palette/adobe/colorbook/colorbook.go:78.62,82.55 3 0
github.com/kennyp/palette/adobe/colorbook/colorbook.go:82.55,84.3 1 0
github.com/kennyp/palette/adobe/colorbook/colorbook.go:86.2,87.35 2 0
github.com/kennyp/palette/adobe/colorbook/colorbook.go:87.35,89.3 1 0
github.com/kennyp/palette/adobe/colorbook/colorbook.go:91.2,91.71 1 0
github.com/kennyp/palette/adobe/colorbook/colorbook.go:91.71,93.3 1 0
github.com/kennyp/palette/adobe/colorbook/colorbook.go:95.2,96.33 2 0
github.com/kennyp/palette/adobe/colorbook/colorbook.go:96.33,98.3 1 0
github.com/kennyp/palette/adobe/colorbook/colorbook.go:100.2,100.66 1 0
github.com/kennyp/palette/adobe/colorbook/colorbook.go:100.66,102.3 1 0
github.com/kennyp/palette/adobe/colorbook/colorbook.go:104.2,104.77 1 0
github.com/kennyp/palette/adobe/colorbook/colorbook.go:104.77,106.3 1 0
github.com/kennyp/palette/adobe/colorbook/colorbook.go:108.2,108.79 1 0
github.com/kennyp/palette/adobe/colorbook/colorbook.go:108.79,110.3 1 0
github.com/kennyp/palette/adobe/colorbook/colorbook.go:112.2,112.81 1 0
github.com/kennyp/palette/adobe/colorbook/colorbook.go:112.81,114.3 1 0
github.com/kennyp/palette/adobe/colorbook/colorbook.go:116.2,116.89 1 0
github.com/kennyp/palette/adobe/colorbook/colorbook.go:116.89,118.3 1 0
github.com/kennyp/palette/adobe/colorbook/colorbook.go:120.2,121.71 2 0
github.com/kennyp/palette/adobe/colorbook/colorbook.go:121.71,123.3 1 0
github.com/kennyp/palette/adobe/colorbook/colorbook.go:125.2,125.77 1 0
github.com/kennyp/palette/adobe/colorbook/colorbook.go:125.77,127.3 1 0
github.com/kennyp/palette/adobe/colorbook/colorbook.go:129.2,129.76 1 0
github.com/kennyp/palette/adobe/colorbook/colorbook.go:129.76,131.3 1 0
github.com/kennyp/palette/adobe/colorbook/colorbook.go:133.2,133.73 1 0
github.com/kennyp/palette/adobe/colorbook/colorbook.go:133.73,135.3 1 0
github.com/kennyp/palette/adobe/colorbook/colorbook.go:137.2,137.99 1 0
github.com/kennyp/palette/adobe/colorbook/colorbook.go:137.99,139.3 1 0
github.com/kennyp/palette/adobe/colorbook/colorbook.go:141.2,142.26 2 0
github.com/kennyp/palette/adobe/colorbook/colorbook.go:142.26,145.88 2 0
github.com/kennyp/palette/adobe/colorbook/colorbook.go:145.88,147.4 1 0
github.com/kennyp/palette/adobe/colorbook/colorbook.go:149.3,149.55 1 0
github.com/kennyp/palette/adobe/colorbook/colorbook.go:149.55,151.4 1 0
github.com/kennyp/palette/adobe/colorbook/colorbook.go:153.3,153.75 1 0
github.com/kennyp/palette/adobe/colorbook/colorbook.go:153.75,155.4 1 0
github.com/kennyp/palette/adobe/colorbook/colorbook.go:157.3,159.18 2 0
github.com/kennyp/palette/adobe/colorbook/colorbook.go:162.2,162.12 1 0
github.com/kennyp/palette/adobe/colorbook/colorbook.go:165.64,168.66 2 0
github.com/kennyp/palette/adobe/colorbook/colorbook.go:168.66,170.3 1 0
github.com/kennyp/palette/adobe/colorbook/colorbook.go:172.2,175.45 3 0
github.com/kennyp/palette/adobe/colorbook/colorbook.go:175.45,177.3 1 0
github.com/kennyp/palette/adobe/colorbook/colorbook.go:179.2,183.39 4 0
github.com/kennyp/palette/adobe/colorbook/colorbook.go:183.39,187.47 4 0
github.com/kennyp/palette/adobe/colorbook/colorbook.go:187.47,189.4 1 0
github.com/kennyp/palette/adobe/colorbook/colorbook.go:192.2,192.26 1 0
github.com/kennyp/palette/adobe/colorbook/colortype_string.go:22.36,23.9 1 1
github.com/kennyp/palette/adobe/colorbook/colortype_string.go:24.14,25.27 1 1
github.com/kennyp/palette/adobe/colorbook/colortype_string.go:26.14,27.27 1 1
github.com/kennyp/palette/adobe/colorbook/colortype_string.go:28.14,29.27 1 1
github.com/kennyp/palette/adobe/colorbook/colortype_string.go:30.10,31.62 1 0
github.com/kennyp/palette/adobe/colorswatch/colorspace_string.go:32.37,33.9 1 1
github.com/kennyp/palette/adobe/colorswatch/colorspace_string.go:34.14,35.77 1 1
github.com/kennyp/palette/adobe/colorswatch/colorspace_string.go:36.15,37.28 1 0
github.com/kennyp/palette/adobe/colorswatch/colorspace_string.go:38.10,39.63 1 0
github.com/kennyp/palette/adobe/colorswatch/colorswatch.go:50.56,54.72 2 0
github.com/kennyp/palette/adobe/colorswatch/colorswatch.go:54.72,56.3 1 0
github.com/kennyp/palette/adobe/colorswatch/colorswatch.go:59.2,60.71 2 0
github.com/kennyp/palette/adobe/colorswatch/colorswatch.go:60.71,62.3 1 0
github.com/kennyp/palette/adobe/colorswatch/colorswatch.go:65.2,65.34 1 0
github.com/kennyp/palette/adobe/colorswatch/colorswatch.go:65.34,66.79 1 0
github.com/kennyp/palette/adobe/colorswatch/colorswatch.go:66.79,68.4 1 0
github.com/kennyp/palette/adobe/colorswatch/colorswatch.go:70.3,70.75 1 0
github.com/kennyp/palette/adobe/colorswatch/colorswatch.go:70.75,72.4 1 0
github.com/kennyp/palette/adobe/colorswatch/colorswatch.go:76.2,76.28 1 0
github.com/kennyp/palette/adobe/colorswatch/colorswatch.go:76.28,78.73 1 0
github.com/kennyp/palette/adobe/colorswatch/colorswatch.go:78.73,80.4 1 0
github.com/kennyp/palette/adobe/colorswatch/colorswatch.go:83.3,83.72 1 0
github.com/kennyp/palette/adobe/colorswatch/colorswatch.go:83.72,85.4 1 0
github.com/kennyp/palette/adobe/colorswatch/colorswatch.go:88.3,88.35 1 0
github.com/kennyp/palette/adobe/colorswatch/colorswatch.go:88.35,89.80 1 0
github.com/kennyp/palette/adobe/colorswatch/colorswatch.go:89.80,91.5 1 0
github.com/kennyp/palette/adobe/colorswatch/colorswatch.go:93.4,93.76 1 0
github.com/kennyp/palette/adobe/colorswatch/colorswatch.go:93.76,95.5 1 0
github.com/kennyp/palette/adobe/colorswatch/colorswatch.go:97.4,97.55 1 0
github.com/kennyp/palette/adobe/colorswatch/colorswatch.go:97.55,99.5 1 0
github.com/kennyp/palette/adobe/colorswatch/colorswatch.go:103.2,103.25 1 0
github.com/kennyp/palette/adobe/colorswatch/colorswatch.go:106.47,111.66 3 0
github.com/kennyp/palette/adobe/colorswatch/colorswatch.go:111.66,113.3 1 0
github.com/kennyp/palette/adobe/colorswatch/colorswatch.go:116.2,117.30 2 0
github.com/kennyp/palette/adobe/colorswatch/colorswatch.go:117.30,118.64 1 0
github.com/kennyp/palette/adobe/colorswatch/colorswatch.go:118.64,120.4 1 0
github.com/kennyp/palette/adobe/colorswatch/colorswatch.go:124.2,124.69 1 0
github.com/kennyp/palette/adobe/colorswatch/colorswatch.go:124.69,126.3 1 0
github.com/kennyp/palette/adobe/colorswatch/colorswatch.go:128.2,128.12 1 0
github.com/kennyp/palette/adobe/colorswatch/colorswatch.go:131.59,135.72 2 0
github.com/kennyp/palette/adobe/colorswatch/colorswatch.go:135.72,137.3 1 0
github.com/kennyp/palette/adobe/colorswatch/colorswatch.go:139.2,141.54 2 0
github.com/kennyp/palette/adobe/colorswatch/colorswatch.go:141.54,143.3 1 0
github.com/kennyp/palette/adobe/colorswatch/colorswatch.go:146.2,147.71 2 0
github.com/kennyp/palette/adobe/colorswatch/colorswatch.go:147.71,149.3 1 0
github.com/kennyp/palette/adobe/colorswatch/colorswatch.go:151.2,156.27 3 0
github.com/kennyp/palette/adobe/colorswatch/colorswatch.go:156.27,160.79 2 0
github.com/kennyp/palette/adobe/colorswatch/colorswatch.go:160.79,162.4 1 0
github.com/kennyp/palette/adobe/colorswatch/colorswatch.go:165.3,165.75 1 0
github.com/kennyp/palette/adobe/colorswatch/colorswatch.go:165.75,167.4 1 0
github.com/kennyp/palette/adobe/colorswatch/colorswatch.go:169.3,171.23 2 0
github.com/kennyp/palette/adobe/colorswatch/colorswatch.go:175.2,175.28 1 0
github.com/kennyp/palette/adobe/colorswatch/colorswatch.go:175.28,177.73 1 0
github.com/kennyp/palette/adobe/colorswatch/colorswatch.go:177.73,179.4 1 0
github.com/kennyp/palette/adobe/colorswatch/colorswatch.go:181.3,182.73 2 0
github.com/kennyp/palette/adobe/colorswatch/colorswatch.go:182.73,184.4 1 0
github.com/kennyp/palette/adobe/colorswatch/colorswatch.go:186.3,186.30 1 0
github.com/kennyp/palette/adobe/colorswatch/colorswatch.go:186.30,188.4 1 0
github.com/kennyp/palette/adobe/colorswatch/colorswatch.go:191.3,191.28 1 0
github.com/kennyp/palette/adobe/colorswatch/colorswatch.go:191.28,196.74 3 0
github.com/kennyp/palette/adobe/colorswatch/colorswatch.go:196.74,198.5 1 0
github.com/kennyp/palette/adobe/colorswatch/colorswatch.go:200.4,200.70 1 0
github.com/kennyp/palette/adobe/colorswatch/colorswatch.go:200.70,202.5 1 0
github.com/kennyp/palette/adobe/colorswatch/colorswatch.go:205.4,206.18 2 0
github.com/kennyp/palette/adobe/colorswatch/colorswatch.go:206.18,208.5 1 0
github.com/kennyp/palette/adobe/colorswatch/colorswatch.go:210.4,212.84 2 0
github.com/kennyp/palette/adobe/colorswatch/colorswatch.go:216.2,216.12 1 0
github.com/kennyp/palette/adobe/colorswatch/colorswatch.go:219.64,222.66 2 0
github.com/kennyp/palette/adobe/colorswatch/colorswatch.go:222.66,224.3 1 0
github.com/kennyp/palette/adobe/colorswatch/colorswatch.go:226.2,228.17 2 0
github.com/kennyp/palette/adobe/colorswatch/colorswatch.go:228.17,230.3 1 0
github.com/kennyp/palette/adobe/colorswatch/colorswatch.go:233.2,234.45 2 0
github.com/kennyp/palette/adobe/colorswatch/colorswatch.go:234.45,236.3 1 0
github.com/kennyp/palette/adobe/colorswatch/colorswatch.go:239.2,243.39 4 0
github.com/kennyp/palette/adobe/colorswatch/colorswatch.go:243.39,245.19 2 0
github.com/kennyp/palette/adobe/colorswatch/colorswatch.go:245.19,246.9 1 0
github.com/kennyp/palette/adobe/colorswatch/colorswatch.go:248.3,250.47 3 0
github.com/kennyp/palette/adobe/colorswatch/colorswatch.go:250.47,252.4 1 0
github.com/kennyp/palette/adobe/colorswatch/colorswatch.go:255.2,255.26 1 0
github.com/kennyp/palette/color/color.go:35.32,37.2 1 1
github.com/kennyp/palette/color/color.go:40.43,46.2 1 1
github.com/kennyp/palette/color/color.go:48.30,50.2 1 1
github.com/kennyp/palette/color/color.go:52.34,54.2 1 1
github.com/kennyp/palette/color/color.go:56.26,58.2 1 1
github.com/kennyp/palette/color/color.go:60.28,66.14 5 1
github.com/kennyp/palette/color/color.go:66.14,68.3 1 1
github.com/kennyp/palette/color/color.go:70.2,79.3 4 1
github.com/kennyp/palette/color/color.go:82.26,89.17 4 1
github.com/kennyp/palette/color/color.go:89.17,91.3 1 1
github.com/kennyp/palette/color/color.go:91.8,93.3 1 1
github.com/kennyp/palette/color/color.go:95.2,95.17 1 1
github.com/kennyp/palette/color/color.go:95.17,97.3 1 1
github.com/kennyp/palette/color/color.go:97.8,99.3 1 1
github.com/kennyp/palette/color/color.go:101.2,101.17 1 1
github.com/kennyp/palette/color/color.go:101.17,103.3 1 1
github.com/kennyp/palette/color/color.go:103.8,105.3 1 1
github.com/kennyp/palette/color/color.go:108.2,134.3 16 1
github.com/kennyp/palette/color/color.go:137.26,149.16 9 1
github.com/kennyp/palette/color/color.go:149.16,152.3 2 1
github.com/kennyp/palette/color/color.go:152.8,155.14 2 1
github.com/kennyp/palette/color/color.go:156.10,157.39 1 1
github.com/kennyp/palette/color/color.go:158.10,159.30 1 1
github.com/kennyp/palette/color/color.go:160.10,161.30 1 1
github.com/kennyp/palette/color/color.go:164.3,164.12 1 1
github.com/kennyp/palette/color/color.go:164.12,166.4 1 1
github.com/kennyp/palette/color/color.go:169.2,173.3 1 1
github.com/kennyp/palette/color/color.go:182.37,189.2 1 1
github.com/kennyp/palette/color/color.go:191.31,193.2 1 1
github.com/kennyp/palette/color/color.go:195.35,197.2 1 1
github.com/kennyp/palette/color/color.go:199.27,214.2 8 1
github.com/kennyp/palette/color/color.go:216.29,218.2 1 1
github.com/kennyp/palette/color/color.go:220.27,222.2 1 1
github.com/kennyp/palette/color/color.go:224.27,226.2 1 1
github.com/kennyp/palette/color/color.go:235.31,241.2 1 1
github.com/kennyp/palette/color/color.go:243.30,245.2 1 1
github.com/kennyp/palette/color/color.go:247.34,249.2 1 1
github.com/kennyp/palette/color/color.go:251.26,280.19 19 1
github.com/kennyp/palette/color/color.go:280.19,282.3 1 1
github.com/kennyp/palette/color/color.go:282.8,284.3 1 1
github.com/kennyp/palette/color/color.go:286.2,286.19 1 1
github.com/kennyp/palette/color/color.go:286.19,288.3 1 1
github.com/kennyp/palette/color/color.go:288.8,290.3 1 1
github.com/kennyp/palette/color/color.go:292.2,292.20 1 1
github.com/kennyp/palette/color/color.go:292.20,294.3 1 1
github.com/kennyp/palette/color/color.go:294.8,296.3 1 1
github.com/kennyp/palette/color/color.go:298.2,302.3 1 1
github.com/kennyp/palette/color/color.go:305.28,307.2 1 1
github.com/kennyp/palette/color/color.go:309.26,311.2 1 1
github.com/kennyp/palette/color/color.go:313.26,315.2 1 1
github.com/kennyp/palette/color/color.go:325.39,331.2 1 1
github.com/kennyp/palette/color/color.go:333.30,335.2 1 1
github.com/kennyp/palette/color/color.go:337.34,339.2 1 1
github.com/kennyp/palette/color/color.go:341.26,352.9 8 1
github.com/kennyp/palette/color/color.go:353.14,354.25 1 1
github.com/kennyp/palette/color/color.go:355.15,356.25 1 1
github.com/kennyp/palette/color/color.go:357.15,358.25 1 1
github.com/kennyp/palette/color/color.go:359.15,360.25 1 1
github.com/kennyp/palette/color/color.go:361.15,362.25 1 1
github.com/kennyp/palette/color/color.go:363.10,364.25 1 1
github.com/kennyp/palette/color/color.go:367.2,371.3 1 1
github.com/kennyp/palette/color/color.go:374.28,376.2 1 1
github.com/kennyp/palette/color/color.go:378.26,380.2 1 1
github.com/kennyp/palette/color/color.go:382.26,384.2 1 1
github.com/kennyp/palette/color/color.go:388.45,389.17 1 1
github.com/kennyp/palette/color/color.go:389.17,391.3 1 1
github.com/kennyp/palette/color/color.go:392.2,392.17 1 1
github.com/kennyp/palette/color/color.go:392.17,394.3 1 1
github.com/kennyp/palette/color/color.go:395.2,395.14 1 1
github.com/kennyp/palette/color/color.go:398.46,399.17 1 1
github.com/kennyp/palette/color/color.go:399.17,401.3 1 0
github.com/kennyp/palette/color/color.go:402.2,402.17 1 1
github.com/kennyp/palette/color/color.go:402.17,404.3 1 1
github.com/kennyp/palette/color/color.go:405.2,405.14 1 1
github.com/kennyp/palette/color/color.go:408.43,409.17 1 1
github.com/kennyp/palette/color/color.go:409.17,411.3 1 0
github.com/kennyp/palette/color/color.go:412.2,412.17 1 1
github.com/kennyp/palette/color/color.go:412.17,414.3 1 0
github.com/kennyp/palette/color/color.go:415.2,415.14 1 1
github.com/kennyp/palette/color/color.go:418.30,419.18 1 1
github.com/kennyp/palette/color/color.go:419.18,421.3 1 1
github.com/kennyp/palette/color/color.go:422.2,422.29 1 1
github.com/kennyp/palette/color/color.go:425.33,426.18 1 1
github.com/kennyp/palette/color/color.go:426.18,428.3 1 1
github.com/kennyp/palette/color/color.go:429.2,429.33 1 1
github.com/kennyp/palette/adobe/types/string.go:7.65,12.30 4 1
github.com/kennyp/palette/adobe/types/string.go:12.30,15.3 2 1
github.com/kennyp/palette/adobe/types/string.go:17.2,17.18 1 1
github.com/kennyp/palette/adobe/types/string.go:20.40,22.2 1 1
github.com/kennyp/palette/io/io.go:45.30,50.2 1 1
github.com/kennyp/palette/io/io.go:53.56,55.2 1 1
github.com/kennyp/palette/io/io.go:58.56,60.2 1 1
github.com/kennyp/palette/io/io.go:63.66,66.39 2 1
github.com/kennyp/palette/io/io.go:66.39,67.43 1 1
github.com/kennyp/palette/io/io.go:67.43,69.4 1 1
github.com/kennyp/palette/io/io.go:72.2,72.68 1 1
github.com/kennyp/palette/io/io.go:76.66,79.39 2 1
github.com/kennyp/palette/io/io.go:79.39,80.43 1 1
github.com/kennyp/palette/io/io.go:80.43,82.4 1 1
github.com/kennyp/palette/io/io.go:85.2,85.68 1 1
github.com/kennyp/palette/io/io.go:89.86,91.16 2 1
github.com/kennyp/palette/io/io.go:91.16,93.3 1 0
github.com/kennyp/palette/io/io.go:95.2,95.32 1 1
github.com/kennyp/palette/io/io.go:99.86,101.16 2 1
github.com/kennyp/palette/io/io.go:101.16,103.3 1 0
github.com/kennyp/palette/io/io.go:105.2,105.35 1 1
github.com/kennyp/palette/io/io.go:109.96,111.15 2 1
github.com/kennyp/palette/io/io.go:111.15,113.3 1 1
github.com/kennyp/palette/io/io.go:115.2,115.30 1 1
github.com/kennyp/palette/io/io.go:119.94,121.15 2 1
github.com/kennyp/palette/io/io.go:121.15,123.3 1 1
github.com/kennyp/palette/io/io.go:125.2,125.33 1 1
github.com/kennyp/palette/io/io.go:129.58,133.39 3 1
github.com/kennyp/palette/io/io.go:133.39,134.54 1 1
github.com/kennyp/palette/io/io.go:134.54,136.25 2 1
github.com/kennyp/palette/io/io.go:136.25,139.5 2 1
github.com/kennyp/palette/io/io.go:143.2,143.16 1 1
github.com/kennyp/palette/io/io.go:147.58,151.39 3 1
github.com/kennyp/palette/io/io.go:151.39,152.54 1 1
github.com/kennyp/palette/io/io.go:152.54,154.25 2 1
github.com/kennyp/palette/io/io.go:154.25,157.5 2 1
github.com/kennyp/palette/io/io.go:161.2,161.16 1 1
github.com/kennyp/palette/io/io.go:166.71,170.33 3 1
github.com/kennyp/palette/io/io.go:170.33,172.3 1 0
github.com/kennyp/palette/io/io.go:174.2,174.11 1 1
github.com/kennyp/palette/io/io.go:174.11,176.3 1 1
github.com/kennyp/palette/io/io.go:179.2,180.16 2 1
github.com/kennyp/palette/io/io.go:181.14,182.21 1 1
github.com/kennyp/palette/io/io.go:183.10,185.43 1 1
github.com/kennyp/palette/io/io.go:185.43,187.4 1 1
github.com/kennyp/palette/io/io.go:190.3,191.39 2 1
github.com/kennyp/palette/io/io.go:191.39,193.4 1 1
github.com/kennyp/palette/io/io.go:196.2,196.63 1 1
github.com/kennyp/palette/io/io.go:205.72,207.2 1 1
github.com/kennyp/palette/io/io.go:210.72,212.2 1 1
github.com/kennyp/palette/io/io.go:215.82,217.2 1 1
github.com/kennyp/palette/io/io.go:220.80,222.2 1 1
github.com/kennyp/palette/io/io.go:227.44,231.36 2 1
github.com/kennyp/palette/io/io.go:231.36,233.3 1 1
github.com/kennyp/palette/io/io.go:236.2,236.16 1 1
github.com/kennyp/palette/io/io.go:237.26,238.16 1 1
github.com/kennyp/palette/io/io.go:239.38,240.16 1 1
github.com/kennyp/palette/io/io.go:241.13,242.16 1 1
github.com/kennyp/palette/io/io.go:243.14,244.17 1 1
github.com/kennyp/palette/io/io.go:248.2,248.16 1 1
github.com/kennyp/palette/io/io.go:249.26,250.17 1 1
github.com/kennyp/palette/io/io.go:251.18,252.16 1 1
github.com/kennyp/palette/io/io.go:256.2,256.15 1 1
github.com/kennyp/palette/io/colorswatch/colorswatch.go:16.30,18.2 1 1
github.com/kennyp/palette/io/colorswatch/colorswatch.go:21.66,24.16 2 1
github.com/kennyp/palette/io/colorswatch/colorswatch.go:24.16,26.3 1 0
github.com/kennyp/palette/io/colorswatch/colorswatch.go:29.2,30.50 2 1
github.com/kennyp/palette/io/colorswatch/colorswatch.go:30.50,32.3 1 1
github.com/kennyp/palette/io/colorswatch/colorswatch.go:35.2,36.41 2 0
github.com/kennyp/palette/io/colorswatch/colorswatch.go:36.41,38.3 1 0
github.com/kennyp/palette/io/colorswatch/colorswatch.go:39.2,46.31 4 0
github.com/kennyp/palette/io/colorswatch/colorswatch.go:46.31,48.17 2 0
github.com/kennyp/palette/io/colorswatch/colorswatch.go:48.17,50.4 1 0
github.com/kennyp/palette/io/colorswatch/colorswatch.go:52.3,53.22 2 0
github.com/kennyp/palette/io/colorswatch/colorswatch.go:53.22,55.4 1 0
github.com/kennyp/palette/io/colorswatch/colorswatch.go:57.3,57.33 1 0
github.com/kennyp/palette/io/colorswatch/colorswatch.go:60.2,60.15 1 0
github.com/kennyp/palette/io/colorswatch/colorswatch.go:64.50,66.2 1 1
github.com/kennyp/palette/io/colorswatch/colorswatch.go:69.48,71.2 1 1
github.com/kennyp/palette/io/colorswatch/colorswatch.go:81.30,85.2 1 1
github.com/kennyp/palette/io/colorswatch/colorswatch.go:88.32,92.2 1 0
github.com/kennyp/palette/io/colorswatch/colorswatch.go:95.66,102.49 2 1
github.com/kennyp/palette/io/colorswatch/colorswatch.go:102.49,103.96 1 0
github.com/kennyp/palette/io/colorswatch/colorswatch.go:103.96,105.4 1 0
github.com/kennyp/palette/io/colorswatch/colorswatch.go:109.2,110.25 2 1
github.com/kennyp/palette/io/colorswatch/colorswatch.go:110.25,112.17 2 1
github.com/kennyp/palette/io/colorswatch/colorswatch.go:112.17,114.4 1 0
github.com/kennyp/palette/io/colorswatch/colorswatch.go:116.3,117.17 2 1
github.com/kennyp/palette/io/colorswatch/colorswatch.go:117.17,119.4 1 0
github.com/kennyp/palette/io/colorswatch/colorswatch.go:122.3,122.42 1 1
github.com/kennyp/palette/io/colorswatch/colorswatch.go:122.42,124.4 1 0
github.com/kennyp/palette/io/colorswatch/colorswatch.go:126.3,126.46 1 1
github.com/kennyp/palette/io/colorswatch/colorswatch.go:130.2,131.16 2 1
github.com/kennyp/palette/io/colorswatch/colorswatch.go:131.16,133.3 1 0
github.com/kennyp/palette/io/colorswatch/colorswatch.go:135.2,136.16 2 1
github.com/kennyp/palette/io/colorswatch/colorswatch.go:136.16,138.3 1 0
github.com/kennyp/palette/io/colorswatch/colorswatch.go:140.2,140.12 1 1
github.com/kennyp/palette/io/colorswatch/colorswatch.go:144.50,146.2 1 1
github.com/kennyp/palette/io/colorswatch/colorswatch.go:149.48,151.2 1 1
github.com/kennyp/palette/io/colorswatch/colorswatch.go:156.73,157.22 1 0
github.com/kennyp/palette/io/colorswatch/colorswatch.go:158.33,163.36 4 0
github.com/kennyp/palette/io/colorswatch/colorswatch.go:165.33,170.36 4 0
github.com/kennyp/palette/io/colorswatch/colorswatch.go:172.34,178.43 5 0
github.com/kennyp/palette/io/colorswatch/colorswatch.go:180.33,186.36 4 0
github.com/kennyp/palette/io/colorswatch/colorswatch.go:188.39,191.45 2 0
github.com/kennyp/palette/io/colorswatch/colorswatch.go:197.29,203.36 4 0
github.com/kennyp/palette/io/colorswatch/colorswatch.go:205.10,206.70 1 0
github.com/kennyp/palette/io/colorswatch/colorswatch.go:211.88,217.24 2 1
github.com/kennyp/palette/io/colorswatch/colorswatch.go:218.13,227.4 3 1
github.com/kennyp/palette/io/colorswatch/colorswatch.go:229.13,238.4 3 1
github.com/kennyp/palette/io/colorswatch/colorswatch.go:240.14,249.4 3 1
github.com/kennyp/palette/io/colorswatch/colorswatch.go:251.13,260.4 3 1
github.com/kennyp/palette/io/colorswatch/colorswatch.go:262.10,271.4 3 0
github.com/kennyp/palette/io/colorswatch/colorswatch.go:274.2,274.24 1 1
github.com/kennyp/palette/io/colorbook/colorbook.go:16.30,18.2 1 1
github.com/kennyp/palette/io/colorbook/colorbook.go:21.66,24.16 2 1
github.com/kennyp/palette/io/colorbook/colorbook.go:24.16,26.3 1 0
github.com/kennyp/palette/io/colorbook/colorbook.go:29.2,30.50 2 1
github.com/kennyp/palette/io/colorbook/colorbook.go:30.50,32.3 1 1
github.com/kennyp/palette/io/colorbook/colorbook.go:35.2,36.27 2 0
github.com/kennyp/palette/io/colorbook/colorbook.go:36.27,38.3 1 0
github.com/kennyp/palette/io/colorbook/colorbook.go:41.2,51.31 9 0
github.com/kennyp/palette/io/colorbook/colorbook.go:51.31,53.17 2 0
github.com/kennyp/palette/io/colorbook/colorbook.go:53.17,55.4 1 0
github.com/kennyp/palette/io/colorbook/colorbook.go:57.3,57.30 1 0
github.com/kennyp/palette/io/colorbook/colorbook.go:60.2,60.15 1 0
github.com/kennyp/palette/io/colorbook/colorbook.go:64.50,66.2 1 1
github.com/kennyp/palette/io/colorbook/colorbook.go:69.48,71.2 1 1
github.com/kennyp/palette/io/colorbook/colorbook.go:77.30,79.2 1 1
github.com/kennyp/palette/io/colorbook/colorbook.go:82.66,91.48 2 1
github.com/kennyp/palette/io/colorbook/colorbook.go:91.48,92.46 1 0
github.com/kennyp/palette/io/colorbook/colorbook.go:92.46,94.4 1 0
github.com/kennyp/palette/io/colorbook/colorbook.go:97.2,97.49 1 1
github.com/kennyp/palette/io/colorbook/colorbook.go:97.49,98.36 1 0
github.com/kennyp/palette/io/colorbook/colorbook.go:98.36,100.4 1 0
github.com/kennyp/palette/io/colorbook/colorbook.go:103.2,103.47 1 1
github.com/kennyp/palette/io/colorbook/colorbook.go:103.47,104.35 1 0
github.com/kennyp/palette/io/colorbook/colorbook.go:104.35,106.4 1 0
github.com/kennyp/palette/io/colorbook/colorbook.go:109.2,109.49 1 1
github.com/kennyp/palette/io/colorbook/colorbook.go:109.49,110.36 1 0
github.com/kennyp/palette/io/colorbook/colorbook.go:110.36,112.4 1 0
github.com/kennyp/palette/io/colorbook/colorbook.go:115.2,115.63 1 1
github.com/kennyp/palette/io/colorbook/colorbook.go:115.63,116.44 1 0
github.com/kennyp/palette/io/colorbook/colorbook.go:116.44,118.4 1 0
github.com/kennyp/palette/io/colorbook/colorbook.go:121.2,121.61 1 1
github.com/kennyp/palette/io/colorbook/colorbook.go:121.61,122.43 1 0
github.com/kennyp/palette/io/colorbook/colorbook.go:122.43,124.4 1 0
github.com/kennyp/palette/io/colorbook/colorbook.go:127.2,127.54 1 1
github.com/kennyp/palette/io/colorbook/colorbook.go:127.54,128.52 1 0
github.com/kennyp/palette/io/colorbook/colorbook.go:128.52,130.4 1 0
github.com/kennyp/palette/io/colorbook/colorbook.go:131.8,134.3 1 1
github.com/kennyp/palette/io/colorbook/colorbook.go:137.2,138.25 2 1
github.com/kennyp/palette/io/colorbook/colorbook.go:138.25,140.17 2 1
github.com/kennyp/palette/io/colorbook/colorbook.go:140.17,142.4 1 0
github.com/kennyp/palette/io/colorbook/colorbook.go:144.3,145.17 2 1
github.com/kennyp/palette/io/colorbook/colorbook.go:145.17,147.4 1 0
github.com/kennyp/palette/io/colorbook/colorbook.go:149.3,149.46 1 1
github.com/kennyp/palette/io/colorbook/colorbook.go:153.2,154.16 2 1
github.com/kennyp/palette/io/colorbook/colorbook.go:154.16,156.3 1 1
github.com/kennyp/palette/io/colorbook/colorbook.go:158.2,159.16 2 0
github.com/kennyp/palette/io/colorbook/colorbook.go:159.16,161.3 1 0
github.com/kennyp/palette/io/colorbook/colorbook.go:163.2,163.12 1 0
github.com/kennyp/palette/io/colorbook/colorbook.go:167.50,169.2 1 1
github.com/kennyp/palette/io/colorbook/colorbook.go:172.48,174.2 1 1
github.com/kennyp/palette/io/colorbook/colorbook.go:179.96,180.19 1 0
github.com/kennyp/palette/io/colorbook/colorbook.go:181.30,183.78 1 0
github.com/kennyp/palette/io/colorbook/colorbook.go:185.31,194.43 5 0
github.com/kennyp/palette/io/colorbook/colorbook.go:196.30,201.36 4 0
github.com/kennyp/palette/io/colorbook/colorbook.go:203.10,204.66 1 0
github.com/kennyp/palette/io/colorbook/colorbook.go:209.112,214.20 2 1
github.com/kennyp/palette/io/colorbook/colorbook.go:215.30,217.55 2 1
github.com/kennyp/palette/io/colorbook/colorbook.go:219.31,225.46 5 0
github.com/kennyp/palette/io/colorbook/colorbook.go:227.30,229.73 2 0
github.com/kennyp/palette/io/colorbook/colorbook.go:231.10,232.74 1 0
github.com/kennyp/palette/io/colorbook/colorbook.go:235.2,235.24 1 1
github.com/kennyp/palette/palette/palette.go:27.32,33.2 1 1
github.com/kennyp/palette/palette/palette.go:36.64,40.2 3 1
github.com/kennyp/palette/palette/palette.go:43.55,48.2 1 1
github.com/kennyp/palette/palette/palette.go:51.47,55.2 1 1
github.com/kennyp/palette/palette/palette.go:58.43,59.41 1 1
github.com/kennyp/palette/palette/palette.go:59.41,61.3 1 1
github.com/kennyp/palette/palette/palette.go:63.2,64.12 2 1
github.com/kennyp/palette/palette/palette.go:68.50,69.29 1 1
github.com/kennyp/palette/palette/palette.go:69.29,70.21 1 1
github.com/kennyp/palette/palette/palette.go:70.21,73.4 2 1
github.com/kennyp/palette/palette/palette.go:75.2,75.14 1 1
github.com/kennyp/palette/palette/palette.go:79.54,80.41 1 1
github.com/kennyp/palette/palette/palette.go:80.41,82.3 1 1
github.com/kennyp/palette/palette/palette.go:83.2,83.29 1 1
github.com/kennyp/palette/palette/palette.go:87.61,88.29 1 1
github.com/kennyp/palette/palette/palette.go:88.29,89.21 1 1
github.com/kennyp/palette/palette/palette.go:89.21,91.4 1 1
github.com/kennyp/palette/palette/palette.go:93.2,93.28 1 1
github.com/kennyp/palette/palette/palette.go:97.29,99.2 1 1
github.com/kennyp/palette/palette/palette.go:102.34,104.2 1 1
github.com/kennyp/palette/palette/palette.go:107.27,109.2 1 1
github.com/kennyp/palette/palette/palette.go:112.36,126.2 4 1
github.com/kennyp/palette/palette/palette.go:129.68,133.29 3 1
github.com/kennyp/palette/palette/palette.go:133.29,134.19 1 1
github.com/kennyp/palette/palette/palette.go:134.19,136.4 1 1
github.com/kennyp/palette/palette/palette.go:139.2,139.17 1 1
github.com/kennyp/palette/palette/palette.go:143.66,144.42 1 1
github.com/kennyp/palette/palette/palette.go:144.42,146.3 1 1
github.com/kennyp/palette/palette/palette.go:150.68,155.29 4 1
github.com/kennyp/palette/palette/palette.go:155.29,157.3 1 1
github.com/kennyp/palette/palette/palette.go:159.2,159.15 1 1
github.com/kennyp/palette/palette/palette.go:163.76,164.45 1 1
github.com/kennyp/palette/palette/palette.go:164.45,167.38 2 1
github.com/kennyp/palette/palette/palette.go:168.14,169.36 1 0
github.com/kennyp/palette/palette/palette.go:170.15,171.37 1 1
github.com/kennyp/palette/palette/palette.go:172.14,173.36 1 0
github.com/kennyp/palette/palette/palette.go:174.14,175.36 1 0
github.com/kennyp/palette/palette/palette.go:176.11,177.28 1 1
github.com/kennyp/palette/palette/palette.go:180.3,183.4 1 1
github.com/kennyp/palette/palette/palette.go:188.35,192.25 3 1
github.com/kennyp/palette/palette/palette.go:192.25,194.3 1 1
github.com/kennyp/palette/palette/palette.go:196.2,196.29 1 1
github.com/kennyp/palette/palette/palette.go:196.29,197.19 1 1
github.com/kennyp/palette/palette/palette.go:197.19,199.4 1 1
github.com/kennyp/palette/palette/palette.go:199.9,201.4 1 0
github.com/kennyp/palette/palette/palette.go:204.2,204.20 1 1
github.com/kennyp/palette/palette/palette.go:208.54,209.23 1 1
github.com/kennyp/palette/palette/palette.go:209.23,211.3 1 0
github.com/kennyp/palette/palette/palette.go:212.2,212.25 1 1
github.com/kennyp/palette/palette/palette.go:216.55,217.23 1 1
github.com/kennyp/palette/palette/palette.go:217.23,219.3 1 0
github.com/kennyp/palette/palette/palette.go:220.2,221.22 2 1
github.com/kennyp/palette/palette/palette.go:225.46,226.23 1 1
github.com/kennyp/palette/palette/palette.go:226.23,228.3 1 1
github.com/kennyp/palette/palette/palette.go:232.47,233.23 1 1
github.com/kennyp/palette/palette/palette.go:233.23,235.3 1 0
github.com/kennyp/palette/palette/palette.go:237.2,238.28 2 1
github.com/kennyp/palette/palette/palette.go:238.28,240.3 1 1
github.com/kennyp/palette/palette/palette.go:241.2,242.13 2 1
github.com/kennyp/palette/palette/palette.go:246.36,247.18 1 1
github.com/kennyp/palette/palette/palette.go:247.18,249.3 1 1
github.com/kennyp/palette/palette/palette.go:252.2,253.29 2 1
github.com/kennyp/palette/palette/palette.go:253.29,254.19 1 1
github.com/kennyp/palette/palette/palette.go:254.19,256.29 2 1
github.com/kennyp/palette/palette/palette.go:256.29,258.5 1 1
github.com/kennyp/palette/palette/palette.go:262.2,262.12 1 1
github.com/kennyp/palette/io/json/json.go:19.30,23.2 1 1
github.com/kennyp/palette/io/json/json.go:26.66,28.16 2 1
github.com/kennyp/palette/io/json/json.go:28.16,30.3 1 0
github.com/kennyp/palette/io/json/json.go:33.2,34.85 2 1
github.com/kennyp/palette/io/json/json.go:34.85,36.3 1 1
github.com/kennyp/palette/io/json/json.go:39.2,40.83 2 1
github.com/kennyp/palette/io/json/json.go:40.83,42.3 1 1
github.com/kennyp/palette/io/json/json.go:45.2,46.56 2 1
github.com/kennyp/palette/io/json/json.go:46.56,48.3 1 1
github.com/kennyp/palette/io/json/json.go:50.2,50.64 1 1
github.com/kennyp/palette/io/json/json.go:54.50,56.2 1 1
github.com/kennyp/palette/io/json/json.go:59.48,61.2 1 1
github.com/kennyp/palette/io/json/json.go:114.87,120.26 4 1
github.com/kennyp/palette/io/json/json.go:120.26,122.3 1 1
github.com/kennyp/palette/io/json/json.go:125.2,125.42 1 1
github.com/kennyp/palette/io/json/json.go:125.42,127.17 2 1
github.com/kennyp/palette/io/json/json.go:127.17,129.4 1 0
github.com/kennyp/palette/io/json/json.go:131.3,132.22 2 1
github.com/kennyp/palette/io/json/json.go:132.22,134.4 1 0
github.com/kennyp/palette/io/json/json.go:136.3,136.22 1 1
github.com/kennyp/palette/io/json/json.go:139.2,139.15 1 1
github.com/kennyp/palette/io/json/json.go:143.88,147.37 3 1
github.com/kennyp/palette/io/json/json.go:147.37,149.17 2 1
github.com/kennyp/palette/io/json/json.go:149.17,151.4 1 1
github.com/kennyp/palette/io/json/json.go:153.3,154.22 2 1
github.com/kennyp/palette/io/json/json.go:154.22,156.4 1 0
github.com/kennyp/palette/io/json/json.go:158.3,158.22 1 1
github.com/kennyp/palette/io/json/json.go:161.2,161.15 1 1
github.com/kennyp/palette/io/json/json.go:165.90,172.31 4 1
github.com/kennyp/palette/io/json/json.go:172.31,173.54 1 1
github.com/kennyp/palette/io/json/json.go:173.54,176.4 2 1
github.com/kennyp/palette/io/json/json.go:179.2,179.21 1 1
github.com/kennyp/palette/io/json/json.go:179.21,181.3 1 1
github.com/kennyp/palette/io/json/json.go:183.2,183.15 1 1
github.com/kennyp/palette/io/json/json.go:187.74,189.21 1 1
github.com/kennyp/palette/io/json/json.go:189.21,191.3 1 1
github.com/kennyp/palette/io/json/json.go:193.2,193.20 1 1
github.com/kennyp/palette/io/json/json.go:193.20,195.3 1 1
github.com/kennyp/palette/io/json/json.go:197.2,197.22 1 1
github.com/kennyp/palette/io/json/json.go:197.22,199.3 1 1
github.com/kennyp/palette/io/json/json.go:201.2,201.21 1 1
github.com/kennyp/palette/io/json/json.go:201.21,203.3 1 0
github.com/kennyp/palette/io/json/json.go:205.2,205.21 1 1
github.com/kennyp/palette/io/json/json.go:205.21,207.3 1 0
github.com/kennyp/palette/io/json/json.go:210.2,210.24 1 1
github.com/kennyp/palette/io/json/json.go:210.24,212.3 1 0
github.com/kennyp/palette/io/json/json.go:214.2,214.53 1 1
github.com/kennyp/palette/io/json/json.go:218.67,219.19 1 1
github.com/kennyp/palette/io/json/json.go:219.19,221.3 1 0
github.com/kennyp/palette/io/json/json.go:224.2,224.19 1 1
github.com/kennyp/palette/io/json/json.go:224.19,226.3 1 1
github.com/kennyp/palette/io/json/json.go:228.2,228.19 1 1
github.com/kennyp/palette/io/json/json.go:228.19,230.3 1 1
github.com/kennyp/palette/io/json/json.go:232.2,233.71 2 1
github.com/kennyp/palette/io/json/json.go:233.71,235.3 1 1
github.com/kennyp/palette/io/json/json.go:237.2,237.35 1 1
github.com/kennyp/palette/io/json/json.go:241.91,245.28 2 1
github.com/kennyp/palette/io/json/json.go:246.13,248.25 2 1
github.com/kennyp/palette/io/json/json.go:248.25,249.34 1 1
github.com/kennyp/palette/io/json/json.go:249.34,251.5 1 1
github.com/kennyp/palette/io/json/json.go:251.10,253.5 1 1
github.com/kennyp/palette/io/json/json.go:255.17,256.11 1 0
github.com/kennyp/palette/io/json/json.go:257.10,258.54 1 1
github.com/kennyp/palette/io/json/json.go:262.2,262.20 1 1
github.com/kennyp/palette/io/json/json.go:263.20,264.20 1 1
github.com/kennyp/palette/io/json/json.go:264.20,266.4 1 1
github.com/kennyp/palette/io/json/json.go:267.3,267.75 1 1
github.com/kennyp/palette/io/json/json.go:269.22,270.20 1 1
github.com/kennyp/palette/io/json/json.go:270.20,272.4 1 0
github.com/kennyp/palette/io/json/json.go:273.3,273.92 1 1
github.com/kennyp/palette/io/json/json.go:275.34,276.20 1 1
github.com/kennyp/palette/io/json/json.go:276.20,278.4 1 0
github.com/kennyp/palette/io/json/json.go:279.3,279.76 1 1
github.com/kennyp/palette/io/json/json.go:281.20,282.20 1 1
github.com/kennyp/palette/io/json/json.go:282.20,284.4 1 0
github.com/kennyp/palette/io/json/json.go:285.3,285.72 1 1
github.com/kennyp/palette/io/json/json.go:287.10,289.21 1 1
github.com/kennyp/palette/io/json/json.go:289.21,291.4 1 1
github.com/kennyp/palette/io/json/json.go:294.2,294.56 1 0
github.com/kennyp/palette/io/json/json.go:298.74,300.35 1 1
github.com/kennyp/palette/io/json/json.go:300.35,301.49 1 1
github.com/kennyp/palette/io/json/json.go:301.49,303.4 1 1
github.com/kennyp/palette/io/json/json.go:307.2,307.51 1 1
github.com/kennyp/palette/io/json/json.go:307.51,309.25 2 1
github.com/kennyp/palette/io/json/json.go:309.25,310.32 1 1
github.com/kennyp/palette/io/json/json.go:310.32,312.5 1 1
github.com/kennyp/palette/io/json/json.go:312.10,314.5 1 0
github.com/kennyp/palette/io/json/json.go:317.3,317.21 1 1
github.com/kennyp/palette/io/json/json.go:317.21,319.4 1 1
github.com/kennyp/palette/io/json/json.go:322.2,322.12 1 1
github.com/kennyp/palette/io/json/json.go:356.30,362.2 1 1
github.com/kennyp/palette/io/json/json.go:365.66,373.23 2 1
github.com/kennyp/palette/io/json/json.go:373.23,375.44 2 1
github.com/kennyp/palette/io/json/json.go:375.44,376.43 1 1
github.com/kennyp/palette/io/json/json.go:376.43,378.5 1 1
github.com/kennyp/palette/io/json/json.go:380.3,380.24 1 1
github.com/kennyp/palette/io/json/json.go:380.24,382.4 1 1
github.com/kennyp/palette/io/json/json.go:386.2,386.25 1 1
github.com/kennyp/palette/io/json/json.go:386.25,388.17 2 1
github.com/kennyp/palette/io/json/json.go:388.17,390.4 1 0
github.com/kennyp/palette/io/json/json.go:392.3,393.61 2 1
github.com/kennyp/palette/io/json/json.go:397.2,400.19 3 1
github.com/kennyp/palette/io/json/json.go:400.19,402.3 1 1
github.com/kennyp/palette/io/json/json.go:402.8,404.3 1 1
github.com/kennyp/palette/io/json/json.go:406.2,406.16 1 1
github.com/kennyp/palette/io/json/json.go:406.16,408.3 1 0
github.com/kennyp/palette/io/json/json.go:411.2,412.16 2 1
github.com/kennyp/palette/io/json/json.go:412.16,414.3 1 0
github.com/kennyp/palette/io/json/json.go:416.2,416.12 1 1
github.com/kennyp/palette/io/json/json.go:420.50,422.2 1 1
github.com/kennyp/palette/io/json/json.go:425.48,427.2 1 1
github.com/kennyp/palette/io/json/json.go:430.80,437.70 2 1
github.com/kennyp/palette/io/json/json.go:437.70,440.3 2 1
github.com/kennyp/palette/io/json/json.go:442.2,442.34 1 1
github.com/kennyp/palette/io/json/json.go:442.34,445.3 2 1
github.com/kennyp/palette/io/json/json.go:447.2,447.35 1 1
github.com/kennyp/palette/io/json/json.go:447.35,450.3 2 1
github.com/kennyp/palette/io/json/json.go:452.2,452.34 1 1
github.com/kennyp/palette/io/json/json.go:452.34,455.3 2 1
github.com/kennyp/palette/io/json/json.go:457.2,457.34 1 1
github.com/kennyp/palette/io/json/json.go:457.34,460.3 2 1
github.com/kennyp/palette/io/json/json.go:462.2,462.18 1 1
