mode: set
github.com/kennyp/palette/palette/palette.go:27.32,33.2 1 1
github.com/kennyp/palette/palette/palette.go:36.64,40.2 3 1
github.com/kennyp/palette/palette/palette.go:43.55,48.2 1 1
github.com/kennyp/palette/palette/palette.go:51.47,55.2 1 1
github.com/kennyp/palette/palette/palette.go:58.43,59.41 1 1
github.com/kennyp/palette/palette/palette.go:59.41,61.3 1 1
github.com/kennyp/palette/palette/palette.go:63.2,64.12 2 1
github.com/kennyp/palette/palette/palette.go:68.50,69.29 1 1
github.com/kennyp/palette/palette/palette.go:69.29,70.21 1 1
github.com/kennyp/palette/palette/palette.go:70.21,73.4 2 1
github.com/kennyp/palette/palette/palette.go:75.2,75.14 1 1
github.com/kennyp/palette/palette/palette.go:79.54,80.41 1 1
github.com/kennyp/palette/palette/palette.go:80.41,82.3 1 1
github.com/kennyp/palette/palette/palette.go:83.2,83.29 1 1
github.com/kennyp/palette/palette/palette.go:87.61,88.29 1 1
github.com/kennyp/palette/palette/palette.go:88.29,89.21 1 1
github.com/kennyp/palette/palette/palette.go:89.21,91.4 1 1
github.com/kennyp/palette/palette/palette.go:93.2,93.28 1 1
github.com/kennyp/palette/palette/palette.go:97.29,99.2 1 1
github.com/kennyp/palette/palette/palette.go:102.34,104.2 1 1
github.com/kennyp/palette/palette/palette.go:107.27,109.2 1 1
github.com/kennyp/palette/palette/palette.go:112.36,126.2 4 1
github.com/kennyp/palette/palette/palette.go:129.68,133.29 3 1
github.com/kennyp/palette/palette/palette.go:133.29,134.19 1 1
github.com/kennyp/palette/palette/palette.go:134.19,136.4 1 1
github.com/kennyp/palette/palette/palette.go:139.2,139.17 1 1
github.com/kennyp/palette/palette/palette.go:143.66,144.42 1 1
github.com/kennyp/palette/palette/palette.go:144.42,146.3 1 1
github.com/kennyp/palette/palette/palette.go:150.68,155.29 4 1
github.com/kennyp/palette/palette/palette.go:155.29,157.3 1 1
github.com/kennyp/palette/palette/palette.go:159.2,159.15 1 1
github.com/kennyp/palette/palette/palette.go:163.76,164.45 1 1
github.com/kennyp/palette/palette/palette.go:164.45,167.38 2 1
github.com/kennyp/palette/palette/palette.go:168.14,169.36 1 0
github.com/kennyp/palette/palette/palette.go:170.15,171.37 1 1
github.com/kennyp/palette/palette/palette.go:172.14,173.36 1 0
github.com/kennyp/palette/palette/palette.go:174.14,175.36 1 0
github.com/kennyp/palette/palette/palette.go:176.11,177.28 1 1
github.com/kennyp/palette/palette/palette.go:180.3,183.4 1 1
github.com/kennyp/palette/palette/palette.go:188.35,192.25 3 1
github.com/kennyp/palette/palette/palette.go:192.25,194.3 1 1
github.com/kennyp/palette/palette/palette.go:196.2,196.29 1 1
github.com/kennyp/palette/palette/palette.go:196.29,197.19 1 1
github.com/kennyp/palette/palette/palette.go:197.19,199.4 1 1
github.com/kennyp/palette/palette/palette.go:199.9,201.4 1 0
github.com/kennyp/palette/palette/palette.go:204.2,204.20 1 1
github.com/kennyp/palette/palette/palette.go:208.54,209.23 1 1
github.com/kennyp/palette/palette/palette.go:209.23,211.3 1 0
github.com/kennyp/palette/palette/palette.go:212.2,212.25 1 1
github.com/kennyp/palette/palette/palette.go:216.55,217.23 1 1
github.com/kennyp/palette/palette/palette.go:217.23,219.3 1 0
github.com/kennyp/palette/palette/palette.go:220.2,221.22 2 1
github.com/kennyp/palette/palette/palette.go:225.46,226.23 1 1
github.com/kennyp/palette/palette/palette.go:226.23,228.3 1 1
github.com/kennyp/palette/palette/palette.go:232.47,233.23 1 1
github.com/kennyp/palette/palette/palette.go:233.23,235.3 1 0
github.com/kennyp/palette/palette/palette.go:237.2,238.28 2 1
github.com/kennyp/palette/palette/palette.go:238.28,240.3 1 1
github.com/kennyp/palette/palette/palette.go:241.2,242.13 2 1
github.com/kennyp/palette/palette/palette.go:246.36,247.18 1 1
github.com/kennyp/palette/palette/palette.go:247.18,249.3 1 1
github.com/kennyp/palette/palette/palette.go:252.2,253.29 2 1
github.com/kennyp/palette/palette/palette.go:253.29,254.19 1 1
github.com/kennyp/palette/palette/palette.go:254.19,256.29 2 1
github.com/kennyp/palette/palette/palette.go:256.29,258.5 1 1
github.com/kennyp/palette/palette/palette.go:262.2,262.12 1 1
